main_file                                                                                                               PAGE 1
                         1
                         2     cseg at 0h
0000 0120                3     ajmp init
                         4     cseg at 100h
                         5
                         6
                         7     ORG 0bh
****WARNING:ThisORGhaslowervaluethanthepreviousone
                         8
                         9
                        10
                        11     ORG 20h
                        12     init:
0020 75A892             13     mov IE, #10010010b
0023 758902             14     mov tmod, #00000010b
0026 759011             15     mov P1, #00010001b
0029 7F00               16     mov r7, #00h
002B 7E00               17     mov r6, #00h
002D 758000             18     mov P0, #00h
                        19
                        20     checkPorts:
0030 1160               21     acall show
0032 20D50E             22     JB F0, buttonpressed
0035 A281               23     MOV C,P0.1
0037 4061               24     JC increaseleft
0039 A280               25     MOV C,P0.0
003B 406B               26     JC increaseright
003D A282               27     MOV C, P0.2
003F 4014               28     JC resetgame
0041 80ED               29     sjmp checkPorts
                        30
                        31     buttonpressed:
0043 1160               32     acall show
0045 A280               33     MOV C, P0.0
0047 40FA               34     JC buttonpressed
0049 A281               35     MOV C, P0.1
004B 40F6               36     JC buttonpressed
004D A282               37     MOV C, P0.2
004F 40F2               38     JC buttonpressed
0051 C2D5               39     CLR F0
0053 80DB               40     JMP checkports
                        41
                        42     resetgame:
0055 7E00               43     MOV R6, #00h
0057 7F00               44     MOV R7, #00h
0059 759011             45     mov P1, #00010001b
005C D2D5               46     SETB F0
005E 1130               47     acall checkPorts
                        48
                        49     show:
0060 900300             50     mov DPTR, #table
0063 EE                 51     mov a, R6
0064 75F00A             52     mov b, #0ah
0067 84                 53     div ab
0068 F8                 54     mov R0, a
0069 93                 55     movc a,@a+dptr
006A FB                 56     mov r3, a
006B E8                 57     mov a, r0
006C C5F0               58     xch a,b
006E 93                 59     movc a, @a+dptr
006F FA                 60     mov r2, a
                        61     ;----------------
0070 EF                 62     mov a, R7
0071 75F00A             63     mov b, #0ah
0074 84                 64     div ab
0075 F8                 65     mov R0, a
0076 93                 66     movc a,@a+dptr
0077 FD                 67     mov r5, a
0078 E8                 68     mov a, r0
0079 C5F0               69     xch a,b
007B 93                 70     movc a, @a+dptr
007C FC                 71     mov r4, a
007D 120081             72     call ledmulti
0080 22                 73     ret
                        74
                        75     ledmulti:
0081 8AB0               76     mov P3, R2
0083 C2A0               77     clr P2.0
0085 D2A0               78     setb P2.0
                        79
0087 8BB0               80     mov P3, R3
0089 C2A1               81     clr P2.1
008B D2A1               82     setb P2.1
                        83
008D 8CB0               84     mov P3, R4
008F C2A2               85     clr P2.2
0091 D2A2               86     setb P2.2
                        87
0093 8DB0               88     mov P3, R5
0095 C2A3               89     clr P2.3
0097 D2A3               90     setb P2.3
                        91
0099 22                 92     ret
                        93
                        94     increaseleft:
009A 209752             95     JB P1.7, ledmultiwinleft
009D 209647             96     JB P1.6, ledmulti40left
00A0 20953C             97     JB P1.5, ledmulti30left
00A3 209431             98     JB P1.4, ledmulti15left
00A6 1130               99     acall checkPorts
                       100
                       101
                       102     increaseright:
00A8 209323            103     JB P1.3, ledmultiwinright
00AB 209218            104     JB P1.2, ledmulti40right
00AE 20910D            105     JB P1.1, ledmulti30right
00B1 209002            106     JB P1.0, ledmulti15right
00B4 1130              107     acall checkPorts
                       108
                       109     ledmulti15right:
00B6 D291              110     SETB P1.1
00B8 7E0F              111     mov R6, #0fh
00BA D2D5              112     SETB F0
00BC 1130              113     acall checkPorts
                       114
                       115     ledmulti30right:
00BE D292              116     SETB P1.2
00C0 7E1E              117     mov R6, #1eh
00C2 D2D5              118     SETB F0
00C4 1130              119     acall checkPorts
                       120
                       121     ledmulti40right:
00C6 D293              122     SETB P1.3
00C8 7E28              123     mov R6, #28h
00CA D2D5              124     SETB F0
00CC 1130              125     acall checkPorts
                       126
                       127     ledmultiwinright:
00CE 309702            128     JNB P1.7, RIGHTWIN ;es steht x-40 mit x<=30
00D1 1130              129     acall checkPorts
                       130
                       131     RIGHTWIN:
00D3 D286              132     SETB P0.6 ;satzpunkt für rechts in port0 schieben
00D5 1130              133     acall checkPorts
                       134
                       135     ledmulti15left:
00D7 D295              136     SETB P1.5
00D9 7F0F              137     mov R7, #0fh
00DB D2D5              138     SETB F0
00DD 1130              139     acall checkPorts
                       140
                       141     ledmulti30left:
00DF D296              142     SETB P1.6
00E1 7F1E              143     mov R7, #1eh
00E3 D2D5              144     SETB F0
00E5 1130              145     acall checkPorts
                       146
                       147     ledmulti40left:
00E7 D297              148     SETB P1.7
00E9 7F28              149     mov R7, #28h
00EB D2D5              150     SETB F0
00ED 1130              151     acall checkPorts
                       152
                       153     ledmultiwinleft:
00EF 309302            154     JNB P1.3, WINLEFT
00F2 1130              155     acall checkPorts
                       156
                       157     WINLEFT:
00F4 D287              158     SETB P0.7
00F6 1130              159     acall checkPorts
                       160
                       161     org 300h
                       162     table:
0300 C0                163     db 11000000b
0301 F9A4B0            164     db 11111001b, 10100100b, 10110000b
0304 999282            165     db 10011001b, 10010010b, 10000010b
0307 F88090            166     db 11111000b, 10000000b, 10010000b
                       167
                       168     end
ASSEMBLY COMPLETE, NO ERRORS FOUND, 1 WARNING


ERROR SUMMARY:
Line 7, WARNING:ThisORGhaslowervaluethanthepreviousone

SYMBOL TABLE:
??MCU_8051_IDE . . . . . . . . . . .  N  NUMB  8051H  NOT USED
??VERSION. . . . . . . . . . . . . .  N  NUMB  0149H  NOT USED
AC . . . . . . . . . . . . . . . . .  B  ADDR  00D6H  NOT USED
ACC. . . . . . . . . . . . . . . . .  D  ADDR  00E0H  NOT USED
ACSR . . . . . . . . . . . . . . . .  D  ADDR  0097H  NOT USED
ADCF . . . . . . . . . . . . . . . .  D  ADDR  00F6H  NOT USED
ADCLK. . . . . . . . . . . . . . . .  D  ADDR  00F2H  NOT USED
ADCON. . . . . . . . . . . . . . . .  D  ADDR  00F3H  NOT USED
ADDH . . . . . . . . . . . . . . . .  D  ADDR  00F5H  NOT USED
ADDL . . . . . . . . . . . . . . . .  D  ADDR  00F4H  NOT USED
AUXR . . . . . . . . . . . . . . . .  D  ADDR  008EH  NOT USED
AUXR1. . . . . . . . . . . . . . . .  D  ADDR  00A2H  NOT USED
B. . . . . . . . . . . . . . . . . .  D  ADDR  00F0H
BDRCON . . . . . . . . . . . . . . .  D  ADDR  009BH  NOT USED
BDRCON_1 . . . . . . . . . . . . . .  D  ADDR  009CH  NOT USED
BRL. . . . . . . . . . . . . . . . .  D  ADDR  009AH  NOT USED
BUTTONPRESSED. . . . . . . . . . . .  C  ADDR  0043H
CCAP0H . . . . . . . . . . . . . . .  D  ADDR  00FAH  NOT USED
CCAP0L . . . . . . . . . . . . . . .  D  ADDR  00EAH  NOT USED
CCAP1H . . . . . . . . . . . . . . .  D  ADDR  00FBH  NOT USED
CCAP1L . . . . . . . . . . . . . . .  D  ADDR  00EBH  NOT USED
CCAP2H . . . . . . . . . . . . . . .  D  ADDR  00FCH  NOT USED
CCAP3H . . . . . . . . . . . . . . .  D  ADDR  00FDH  NOT USED
CCAP4H . . . . . . . . . . . . . . .  D  ADDR  00FEH  NOT USED
CCAPL2H. . . . . . . . . . . . . . .  D  ADDR  00FCH  NOT USED
CCAPL2L. . . . . . . . . . . . . . .  D  ADDR  00ECH  NOT USED
CCAPL3H. . . . . . . . . . . . . . .  D  ADDR  00FDH  NOT USED
CCAPL3L. . . . . . . . . . . . . . .  D  ADDR  00EDH  NOT USED
CCAPL4H. . . . . . . . . . . . . . .  D  ADDR  00FEH  NOT USED
CCAPL4L. . . . . . . . . . . . . . .  D  ADDR  00EEH  NOT USED
CCAPM0 . . . . . . . . . . . . . . .  D  ADDR  00DAH  NOT USED
CCAPM1 . . . . . . . . . . . . . . .  D  ADDR  00DBH  NOT USED
CCAPM2 . . . . . . . . . . . . . . .  D  ADDR  00DCH  NOT USED
CCAPM3 . . . . . . . . . . . . . . .  D  ADDR  00DDH  NOT USED
CCAPM4 . . . . . . . . . . . . . . .  D  ADDR  00DEH  NOT USED
CCF0 . . . . . . . . . . . . . . . .  B  ADDR  00D8H  NOT USED
CCF1 . . . . . . . . . . . . . . . .  B  ADDR  00D9H  NOT USED
CCF2 . . . . . . . . . . . . . . . .  B  ADDR  00DAH  NOT USED
CCF3 . . . . . . . . . . . . . . . .  B  ADDR  00DBH  NOT USED
CCF4 . . . . . . . . . . . . . . . .  B  ADDR  00DCH  NOT USED
CCON . . . . . . . . . . . . . . . .  D  ADDR  00D8H  NOT USED
CFINT. . . . . . . . . . . . . . . .  C  ADDR  0033H  NOT USED
CH . . . . . . . . . . . . . . . . .  D  ADDR  00F9H  NOT USED
CHECKPORTS . . . . . . . . . . . . .  C  ADDR  0030H
CKCON. . . . . . . . . . . . . . . .  D  ADDR  008FH  NOT USED
CKCON0 . . . . . . . . . . . . . . .  D  ADDR  008FH  NOT USED
CKRL . . . . . . . . . . . . . . . .  D  ADDR  0097H  NOT USED
CKSEL. . . . . . . . . . . . . . . .  D  ADDR  0085H  NOT USED
CL . . . . . . . . . . . . . . . . .  D  ADDR  00E9H  NOT USED
CLKREG . . . . . . . . . . . . . . .  D  ADDR  008FH  NOT USED
CMOD . . . . . . . . . . . . . . . .  D  ADDR  00D9H  NOT USED
CPRL2. . . . . . . . . . . . . . . .  B  ADDR  00C8H  NOT USED
CR . . . . . . . . . . . . . . . . .  B  ADDR  00DEH  NOT USED
CT2. . . . . . . . . . . . . . . . .  B  ADDR  00C9H  NOT USED
CY . . . . . . . . . . . . . . . . .  B  ADDR  00D7H  NOT USED
DP0H . . . . . . . . . . . . . . . .  D  ADDR  0083H  NOT USED
DP0L . . . . . . . . . . . . . . . .  D  ADDR  0082H  NOT USED
DP1H . . . . . . . . . . . . . . . .  D  ADDR  0085H  NOT USED
DP1L . . . . . . . . . . . . . . . .  D  ADDR  0084H  NOT USED
DPH. . . . . . . . . . . . . . . . .  D  ADDR  0083H  NOT USED
DPL. . . . . . . . . . . . . . . . .  D  ADDR  0082H  NOT USED
EA . . . . . . . . . . . . . . . . .  B  ADDR  00AFH  NOT USED
EC . . . . . . . . . . . . . . . . .  B  ADDR  00AEH  NOT USED
EECON. . . . . . . . . . . . . . . .  D  ADDR  0096H  NOT USED
ES . . . . . . . . . . . . . . . . .  B  ADDR  00ACH  NOT USED
ET0. . . . . . . . . . . . . . . . .  B  ADDR  00A9H  NOT USED
ET1. . . . . . . . . . . . . . . . .  B  ADDR  00ABH  NOT USED
ET2. . . . . . . . . . . . . . . . .  B  ADDR  00ADH  NOT USED
EX0. . . . . . . . . . . . . . . . .  B  ADDR  00A8H  NOT USED
EX1. . . . . . . . . . . . . . . . .  B  ADDR  00AAH  NOT USED
EXEN2. . . . . . . . . . . . . . . .  B  ADDR  00CBH  NOT USED
EXF2 . . . . . . . . . . . . . . . .  B  ADDR  00CEH  NOT USED
EXTI0. . . . . . . . . . . . . . . .  C  ADDR  0003H  NOT USED
EXTI1. . . . . . . . . . . . . . . .  C  ADDR  0013H  NOT USED
F0 . . . . . . . . . . . . . . . . .  B  ADDR  00D5H
FE . . . . . . . . . . . . . . . . .  B  ADDR  009FH  NOT USED
IE . . . . . . . . . . . . . . . . .  D  ADDR  00A8H
IE0. . . . . . . . . . . . . . . . .  B  ADDR  0089H  NOT USED
IE1. . . . . . . . . . . . . . . . .  B  ADDR  008BH  NOT USED
INCREASELEFT . . . . . . . . . . . .  C  ADDR  009AH
INCREASERIGHT. . . . . . . . . . . .  C  ADDR  00A8H
INIT . . . . . . . . . . . . . . . .  C  ADDR  0020H
INT0 . . . . . . . . . . . . . . . .  B  ADDR  00B2H  NOT USED
INT1 . . . . . . . . . . . . . . . .  B  ADDR  00B3H  NOT USED
IP . . . . . . . . . . . . . . . . .  D  ADDR  00B8H  NOT USED
IPH. . . . . . . . . . . . . . . . .  D  ADDR  00B7H  NOT USED
IPH0 . . . . . . . . . . . . . . . .  D  ADDR  00B7H  NOT USED
IPH1 . . . . . . . . . . . . . . . .  D  ADDR  00B3H  NOT USED
IPL0 . . . . . . . . . . . . . . . .  D  ADDR  00B8H  NOT USED
IPL1 . . . . . . . . . . . . . . . .  D  ADDR  00B2H  NOT USED
IT0. . . . . . . . . . . . . . . . .  B  ADDR  0088H  NOT USED
IT1. . . . . . . . . . . . . . . . .  B  ADDR  008AH  NOT USED
KBE. . . . . . . . . . . . . . . . .  D  ADDR  009DH  NOT USED
KBF. . . . . . . . . . . . . . . . .  D  ADDR  009EH  NOT USED
KBLS . . . . . . . . . . . . . . . .  D  ADDR  009CH  NOT USED
LEDMULTI . . . . . . . . . . . . . .  C  ADDR  0081H
LEDMULTI15LEFT . . . . . . . . . . .  C  ADDR  00D7H
LEDMULTI15RIGHT. . . . . . . . . . .  C  ADDR  00B6H
LEDMULTI30LEFT . . . . . . . . . . .  C  ADDR  00DFH
LEDMULTI30RIGHT. . . . . . . . . . .  C  ADDR  00BEH
LEDMULTI40LEFT . . . . . . . . . . .  C  ADDR  00E7H
LEDMULTI40RIGHT. . . . . . . . . . .  C  ADDR  00C6H
LEDMULTIWINLEFT. . . . . . . . . . .  C  ADDR  00EFH
LEDMULTIWINRIGHT . . . . . . . . . .  C  ADDR  00CEH
OSCCON . . . . . . . . . . . . . . .  D  ADDR  0086H  NOT USED
OV . . . . . . . . . . . . . . . . .  B  ADDR  00D2H  NOT USED
P. . . . . . . . . . . . . . . . . .  B  ADDR  00D0H  NOT USED
P0 . . . . . . . . . . . . . . . . .  D  ADDR  0080H
P1 . . . . . . . . . . . . . . . . .  D  ADDR  0090H
P1M1 . . . . . . . . . . . . . . . .  D  ADDR  00D4H  NOT USED
P1M2 . . . . . . . . . . . . . . . .  D  ADDR  00E2H  NOT USED
P2 . . . . . . . . . . . . . . . . .  D  ADDR  00A0H
P3 . . . . . . . . . . . . . . . . .  D  ADDR  00B0H
P3M1 . . . . . . . . . . . . . . . .  D  ADDR  00D5H  NOT USED
P3M2 . . . . . . . . . . . . . . . .  D  ADDR  00E3H  NOT USED
P4 . . . . . . . . . . . . . . . . .  D  ADDR  00C0H  NOT USED
P4M1 . . . . . . . . . . . . . . . .  D  ADDR  00D6H  NOT USED
P4M2 . . . . . . . . . . . . . . . .  D  ADDR  00E4H  NOT USED
P5 . . . . . . . . . . . . . . . . .  D  ADDR  00E8H  NOT USED
PC . . . . . . . . . . . . . . . . .  B  ADDR  00BEH  NOT USED
PCON . . . . . . . . . . . . . . . .  D  ADDR  0087H  NOT USED
PPCL . . . . . . . . . . . . . . . .  B  ADDR  00BEH  NOT USED
PS . . . . . . . . . . . . . . . . .  B  ADDR  00BCH  NOT USED
PSL. . . . . . . . . . . . . . . . .  B  ADDR  00BCH  NOT USED
PSW. . . . . . . . . . . . . . . . .  D  ADDR  00D0H  NOT USED
PT0. . . . . . . . . . . . . . . . .  B  ADDR  00B9H  NOT USED
PT0L . . . . . . . . . . . . . . . .  B  ADDR  00B9H  NOT USED
PT1. . . . . . . . . . . . . . . . .  B  ADDR  00BBH  NOT USED
PT1L . . . . . . . . . . . . . . . .  B  ADDR  00BBH  NOT USED
PT2. . . . . . . . . . . . . . . . .  B  ADDR  00BDH  NOT USED
PT2L . . . . . . . . . . . . . . . .  B  ADDR  00BDH  NOT USED
PX0. . . . . . . . . . . . . . . . .  B  ADDR  00B8H  NOT USED
PX0L . . . . . . . . . . . . . . . .  B  ADDR  00B8H  NOT USED
PX1. . . . . . . . . . . . . . . . .  B  ADDR  00BAH  NOT USED
PX1L . . . . . . . . . . . . . . . .  B  ADDR  00BAH  NOT USED
RB8. . . . . . . . . . . . . . . . .  B  ADDR  009AH  NOT USED
RCAP2H . . . . . . . . . . . . . . .  D  ADDR  00CBH  NOT USED
RCAP2L . . . . . . . . . . . . . . .  D  ADDR  00CAH  NOT USED
RCLK . . . . . . . . . . . . . . . .  B  ADDR  00CDH  NOT USED
RD . . . . . . . . . . . . . . . . .  B  ADDR  00B7H  NOT USED
REN. . . . . . . . . . . . . . . . .  B  ADDR  009CH  NOT USED
RESET. . . . . . . . . . . . . . . .  C  ADDR  0000H  NOT USED
RESETGAME. . . . . . . . . . . . . .  C  ADDR  0055H
RI . . . . . . . . . . . . . . . . .  B  ADDR  0098H  NOT USED
RIGHTWIN . . . . . . . . . . . . . .  C  ADDR  00D3H
RS0. . . . . . . . . . . . . . . . .  B  ADDR  00D3H  NOT USED
RS1. . . . . . . . . . . . . . . . .  B  ADDR  00D4H  NOT USED
RXD. . . . . . . . . . . . . . . . .  B  ADDR  00B0H  NOT USED
SADDR. . . . . . . . . . . . . . . .  D  ADDR  00A9H  NOT USED
SADDR_0. . . . . . . . . . . . . . .  D  ADDR  00A9H  NOT USED
SADDR_1. . . . . . . . . . . . . . .  D  ADDR  00AAH  NOT USED
SADEN. . . . . . . . . . . . . . . .  D  ADDR  00B9H  NOT USED
SADEN_0. . . . . . . . . . . . . . .  D  ADDR  00B9H  NOT USED
SADEN_1. . . . . . . . . . . . . . .  D  ADDR  00BAH  NOT USED
SBUF . . . . . . . . . . . . . . . .  D  ADDR  0099H  NOT USED
SCON . . . . . . . . . . . . . . . .  D  ADDR  0098H  NOT USED
SHOW . . . . . . . . . . . . . . . .  C  ADDR  0060H
SINT . . . . . . . . . . . . . . . .  C  ADDR  0023H  NOT USED
SM0. . . . . . . . . . . . . . . . .  B  ADDR  009FH  NOT USED
SM1. . . . . . . . . . . . . . . . .  B  ADDR  009EH  NOT USED
SM2. . . . . . . . . . . . . . . . .  B  ADDR  009DH  NOT USED
SP . . . . . . . . . . . . . . . . .  D  ADDR  0081H  NOT USED
SPCON. . . . . . . . . . . . . . . .  D  ADDR  00C3H  NOT USED
SPCR . . . . . . . . . . . . . . . .  D  ADDR  00D5H  NOT USED
SPDAT. . . . . . . . . . . . . . . .  D  ADDR  00C5H  NOT USED
SPDR . . . . . . . . . . . . . . . .  D  ADDR  0086H  NOT USED
SPSR . . . . . . . . . . . . . . . .  D  ADDR  00AAH  NOT USED
SPSTA. . . . . . . . . . . . . . . .  D  ADDR  00C4H  NOT USED
T0 . . . . . . . . . . . . . . . . .  B  ADDR  00B4H  NOT USED
T1 . . . . . . . . . . . . . . . . .  B  ADDR  00B5H  NOT USED
T2CON. . . . . . . . . . . . . . . .  D  ADDR  00C8H  NOT USED
T2MOD. . . . . . . . . . . . . . . .  D  ADDR  00C9H  NOT USED
TABLE. . . . . . . . . . . . . . . .  C  ADDR  0300H
TB8. . . . . . . . . . . . . . . . .  B  ADDR  009BH  NOT USED
TCLK . . . . . . . . . . . . . . . .  B  ADDR  00CCH  NOT USED
TCON . . . . . . . . . . . . . . . .  D  ADDR  0088H  NOT USED
TF0. . . . . . . . . . . . . . . . .  B  ADDR  008DH  NOT USED
TF1. . . . . . . . . . . . . . . . .  B  ADDR  008FH  NOT USED
TF2. . . . . . . . . . . . . . . . .  B  ADDR  00CFH  NOT USED
TH0. . . . . . . . . . . . . . . . .  D  ADDR  008CH  NOT USED
TH1. . . . . . . . . . . . . . . . .  D  ADDR  008DH  NOT USED
TH2. . . . . . . . . . . . . . . . .  D  ADDR  00CDH  NOT USED
TI . . . . . . . . . . . . . . . . .  B  ADDR  0099H  NOT USED
TIMER0 . . . . . . . . . . . . . . .  C  ADDR  000BH  NOT USED
TIMER1 . . . . . . . . . . . . . . .  C  ADDR  001BH  NOT USED
TIMER2 . . . . . . . . . . . . . . .  C  ADDR  002BH  NOT USED
TL0. . . . . . . . . . . . . . . . .  D  ADDR  008AH  NOT USED
TL1. . . . . . . . . . . . . . . . .  D  ADDR  008BH  NOT USED
TL2. . . . . . . . . . . . . . . . .  D  ADDR  00CCH  NOT USED
TMOD . . . . . . . . . . . . . . . .  D  ADDR  0089H
TR0. . . . . . . . . . . . . . . . .  B  ADDR  008CH  NOT USED
TR1. . . . . . . . . . . . . . . . .  B  ADDR  008EH  NOT USED
TR2. . . . . . . . . . . . . . . . .  B  ADDR  00CAH  NOT USED
TXD. . . . . . . . . . . . . . . . .  B  ADDR  00B1H  NOT USED
WDTCON . . . . . . . . . . . . . . .  D  ADDR  00A7H  NOT USED
WDTPRG . . . . . . . . . . . . . . .  D  ADDR  00A7H  NOT USED
WDTRST . . . . . . . . . . . . . . .  D  ADDR  00A6H  NOT USED
WINLEFT. . . . . . . . . . . . . . .  C  ADDR  00F4H
WR . . . . . . . . . . . . . . . . .  B  ADDR  00B6H  NOT USED